Determining if the pthread_create exist failed with the following output:
Change Dir: /home/sofya/Homework/councurrent_comp/Game_of_life/life_game/cmake-build-debug/CMakeFiles/CMakeTmp

Run Build Command:"/usr/bin/make" "cmTC_172ae/fast"
/usr/bin/make -f CMakeFiles/cmTC_172ae.dir/build.make CMakeFiles/cmTC_172ae.dir/build
make[1]: Entering directory '/home/sofya/Homework/councurrent_comp/Game_of_life/life_game/cmake-build-debug/CMakeFiles/CMakeTmp'
Building C object CMakeFiles/cmTC_172ae.dir/CheckSymbolExists.c.o
/usr/bin/cc    -o CMakeFiles/cmTC_172ae.dir/CheckSymbolExists.c.o   -c /home/sofya/Homework/councurrent_comp/Game_of_life/life_game/cmake-build-debug/CMakeFiles/CMakeTmp/CheckSymbolExists.c
Linking C executable cmTC_172ae
/home/sofya/Apps/clion-2017.3.3/bin/cmake/bin/cmake -E cmake_link_script CMakeFiles/cmTC_172ae.dir/link.txt --verbose=1
/usr/bin/cc      CMakeFiles/cmTC_172ae.dir/CheckSymbolExists.c.o  -o cmTC_172ae 
CMakeFiles/cmTC_172ae.dir/CheckSymbolExists.c.o: In function `main':
CheckSymbolExists.c:(.text+0x1b): undefined reference to `pthread_create'
collect2: error: ld returned 1 exit status
CMakeFiles/cmTC_172ae.dir/build.make:97: recipe for target 'cmTC_172ae' failed
make[1]: *** [cmTC_172ae] Error 1
make[1]: Leaving directory '/home/sofya/Homework/councurrent_comp/Game_of_life/life_game/cmake-build-debug/CMakeFiles/CMakeTmp'
Makefile:126: recipe for target 'cmTC_172ae/fast' failed
make: *** [cmTC_172ae/fast] Error 2

File /home/sofya/Homework/councurrent_comp/Game_of_life/life_game/cmake-build-debug/CMakeFiles/CMakeTmp/CheckSymbolExists.c:
/* */
#include <pthread.h>

int main(int argc, char** argv)
{
  (void)argv;
#ifndef pthread_create
  return ((int*)(&pthread_create))[argc];
#else
  (void)argc;
  return 0;
#endif
}

